TN:
SF:src/server.js
FN:21,(anonymous_0)
FN:27,(anonymous_1)
FNF:2
FNH:1
FNDA:7,(anonymous_0)
FNDA:0,(anonymous_1)
DA:1,3
DA:2,3
DA:3,3
DA:4,3
DA:5,3
DA:7,3
DA:8,3
DA:11,3
DA:12,3
DA:15,3
DA:18,3
DA:21,3
DA:22,7
DA:26,3
DA:27,0
DA:28,0
DA:29,0
DA:30,0
DA:35,3
LF:19
LH:15
BRDA:8,0,0,3
BRDA:8,0,1,0
BRDA:26,1,0,0
BRDA:26,1,1,3
BRF:4
BRH:2
end_of_record
TN:
SF:src/routes/rss.js
FN:9,(anonymous_0)
FNF:1
FNH:1
FNDA:50,(anonymous_0)
DA:1,3
DA:2,3
DA:3,3
DA:9,3
DA:10,50
DA:11,50
DA:14,50
DA:15,5
DA:22,45
DA:23,45
DA:25,5
DA:32,40
DA:41,25
DA:42,25
DA:46,15
DA:49,6
DA:54,9
DA:56,6
DA:62,3
DA:70,3
LF:20
LH:20
BRDA:14,0,0,5
BRDA:14,0,1,45
BRDA:46,1,0,6
BRDA:46,1,1,9
BRDA:54,2,0,6
BRDA:54,2,1,3
BRF:6
BRH:6
end_of_record
TN:
SF:test/fixtures/helper.js
FN:9,readFixture
FNF:1
FNH:1
FNDA:47,readFixture
DA:1,3
DA:2,3
DA:10,47
DA:11,47
DA:14,3
LF:5
LH:5
BRF:0
BRH:0
end_of_record
